Failed to load resource: the server responded with a status of 404 (File not found)
main.js:269 Failed to fetch questions: Error: no_questions
    at GameManager.fetchQuestionsAndStartGame (main.js:263:23)
    at async GameManager.startSoloMode (main.js:237:9)
fetchQuestionsAndStartGame @ main.js:269
4main.js:269 Failed to fetch questions: Error: no_questions
    at GameManager.fetchQuestionsAndStartGame (main.js:263:23)
    at async GameManager.startRtaMode (main.js:244:9)
fetchQuestionsAndStartGame @ main.js:269
await in fetchQuestionsAndStartGame
startRtaMode @ main.js:244
main.js:269 Failed to fetch questions: Error: no_questions
    at GameManager.fetchQuestionsAndStartGame (main.js:263:23)
    at async GameManager.startSoloMode (main.js:237:9)
fetchQuestionsAndStartGame @ main.js:269
await in fetchQuestionsAndStartGame
startSoloMode @ main.js:237
main.js:269 Failed to fetch questions: Error: no_questions
    at GameManager.fetchQuestionsAndStartGame (main.js:263:23)
    at async GameManager.startRtaMode (main.js:244:9)
fetchQuestionsAndStartGame @ main.js:269
await in fetchQuestionsAndStartGame
startRtaMode @ main.js:244